<?xml version="1.0" encoding="UTF-8"?>
<testsuite name="com.wearsic.app.SearchScreenTest" tests="9" skipped="0" failures="0" errors="0" timestamp="2026-08-09T13:11:32" hostname="codespaces-3c9c6d" time="1.02">
  <properties/>
  <testcase name="testSearchScreenDisplaysEmptyAndLoadingStates" classname="com.wearsic.app.SearchScreenTest" time="0.135"/>
  <testcase name="testSearchScreenDisplaysSuggestions" classname="com.wearsic.app.SearchScreenTest" time="0.176"/>
  <testcase name="testSearchScreenDisplaysResults" classname="com.wearsic.app.SearchScreenTest" time="0.105"/>
  <testcase name="testSuggestionClickable" classname="com.wearsic.app.SearchScreenTest" time="0.109"/>
  <testcase name="testSearchScreenDisplaysHeader" classname="com.wearsic.app.SearchScreenTest" time="0.085"/>
  <testcase name="albumsModeShowsRemoteAlbumsAndOpensUrl" classname="com.wearsic.app.SearchScreenTest" time="0.116"/>
  <testcase name="testSearchScreenDisplaysEmptyQuery" classname="com.wearsic.app.SearchScreenTest" time="0.081"/>
  <testcase name="testSearchScreenDisplaysNoResults" classname="com.wearsic.app.SearchScreenTest" time="0.09"/>
  <testcase name="testSearchResultClickable" classname="com.wearsic.app.SearchScreenTest" time="0.119"/>
  <system-out><![CDATA[]]></system-out>
  <system-err><![CDATA[]]></system-err>
</testsuite>
