<?xml version="1.0" encoding="UTF-8"?>
<testsuite name="com.wearsic.app.OfflineDownloadStoreTest" tests="2" skipped="0" failures="0" errors="0" timestamp="2026-08-09T13:11:29" hostname="codespaces-3c9c6d" time="0.055">
  <properties/>
  <testcase name="ignoresBlankIds" classname="com.wearsic.app.OfflineDownloadStoreTest" time="0.025"/>
  <testcase name="marksAndRemovesDownloadedIds" classname="com.wearsic.app.OfflineDownloadStoreTest" time="0.03"/>
  <system-out><![CDATA[]]></system-out>
  <system-err><![CDATA[]]></system-err>
</testsuite>
