<?xml version="1.0" encoding="UTF-8"?>
<testsuite name="com.wearsic.app.KtorBodySerializationTest" tests="4" skipped="0" failures="0" errors="0" timestamp="2026-08-09T13:11:27" hostname="codespaces-3c9c6d" time="0.25">
  <properties/>
  <testcase name="deserializationRoundTripOfTrackStillWorks" classname="com.wearsic.app.KtorBodySerializationTest" time="0.204"/>
  <testcase name="missingContentTypeReproducesOriginalErrorAndIsRejected" classname="com.wearsic.app.KtorBodySerializationTest" time="0.013"/>
  <testcase name="mapBodySerializesToJsonWithExplicitContentType" classname="com.wearsic.app.KtorBodySerializationTest" time="0.029"/>
  <testcase name="trackBodySerializesToJsonWithExplicitContentType" classname="com.wearsic.app.KtorBodySerializationTest" time="0.003"/>
  <system-out><![CDATA[]]></system-out>
  <system-err><![CDATA[SLF4J: Failed to load class "org.slf4j.impl.StaticLoggerBinder".
SLF4J: Defaulting to no-operation (NOP) logger implementation
SLF4J: See http://www.slf4j.org/codes.html#StaticLoggerBinder for further details.
]]></system-err>
</testsuite>
