<?xml version="1.0" encoding="UTF-8"?>
<testsuite name="com.wearsic.app.SearchScreenTest" tests="8" skipped="0" failures="0" errors="0" timestamp="2026-08-08T17:10:40" hostname="codespaces-3c9c6d" time="0.817">
  <properties/>
  <testcase name="testSearchScreenDisplaysSuggestions" classname="com.wearsic.app.SearchScreenTest" time="0.09"/>
  <testcase name="testSearchScreenDisplaysResults" classname="com.wearsic.app.SearchScreenTest" time="0.12"/>
  <testcase name="testSuggestionClickable" classname="com.wearsic.app.SearchScreenTest" time="0.115"/>
  <testcase name="testSearchScreenDisplaysHeader" classname="com.wearsic.app.SearchScreenTest" time="0.112"/>
  <testcase name="testSearchScreenDisplaysLoadingState" classname="com.wearsic.app.SearchScreenTest" time="0.087"/>
  <testcase name="testSearchScreenDisplaysEmptyQuery" classname="com.wearsic.app.SearchScreenTest" time="0.098"/>
  <testcase name="testSearchScreenDisplaysNoResults" classname="com.wearsic.app.SearchScreenTest" time="0.094"/>
  <testcase name="testSearchResultClickable" classname="com.wearsic.app.SearchScreenTest" time="0.097"/>
  <system-out><![CDATA[]]></system-out>
  <system-err><![CDATA[]]></system-err>
</testsuite>
