<?xml version="1.0" encoding="UTF-8"?>
<testsuite name="com.wearsic.app.FavoritesPlaylistsScreenTest" tests="6" skipped="0" failures="0" errors="0" timestamp="2026-08-08T17:10:27" hostname="codespaces-3c9c6d" time="9.371">
  <properties/>
  <testcase name="testRemoveFromFavoritesButtonExists" classname="com.wearsic.app.FavoritesPlaylistsScreenTest" time="8.243"/>
  <testcase name="testFavoritesPlaylistsScreenDisplaysEmptyState" classname="com.wearsic.app.FavoritesPlaylistsScreenTest" time="0.194"/>
  <testcase name="testTrackClickable" classname="com.wearsic.app.FavoritesPlaylistsScreenTest" time="0.388"/>
  <testcase name="testFavoritesPlaylistsScreenDisplaysLoadingState" classname="com.wearsic.app.FavoritesPlaylistsScreenTest" time="0.158"/>
  <testcase name="testFavoritesPlaylistsScreenDisplaysFavorites" classname="com.wearsic.app.FavoritesPlaylistsScreenTest" time="0.215"/>
  <testcase name="testFavoritesPlaylistsScreenDisplaysHeader" classname="com.wearsic.app.FavoritesPlaylistsScreenTest" time="0.17"/>
  <system-out><![CDATA[]]></system-out>
  <system-err><![CDATA[]]></system-err>
</testsuite>
