<?xml version="1.0" encoding="UTF-8"?>
<testsuite name="com.wearsic.app.FavoritesPlaylistsScreenTest" tests="6" skipped="0" failures="0" errors="0" timestamp="2026-08-09T13:11:26" hostname="codespaces-3c9c6d" time="1.032">
  <properties/>
  <testcase name="testRemoveFromFavoritesButtonExists" classname="com.wearsic.app.FavoritesPlaylistsScreenTest" time="0.274"/>
  <testcase name="testFavoritesPlaylistsScreenDisplaysEmptyState" classname="com.wearsic.app.FavoritesPlaylistsScreenTest" time="0.21"/>
  <testcase name="testTrackClickable" classname="com.wearsic.app.FavoritesPlaylistsScreenTest" time="0.198"/>
  <testcase name="testFavoritesPlaylistsScreenDisplaysLoadingState" classname="com.wearsic.app.FavoritesPlaylistsScreenTest" time="0.102"/>
  <testcase name="testFavoritesPlaylistsScreenDisplaysFavorites" classname="com.wearsic.app.FavoritesPlaylistsScreenTest" time="0.146"/>
  <testcase name="testFavoritesPlaylistsScreenDisplaysHeader" classname="com.wearsic.app.FavoritesPlaylistsScreenTest" time="0.101"/>
  <system-out><![CDATA[]]></system-out>
  <system-err><![CDATA[]]></system-err>
</testsuite>
