<?xml version="1.0" encoding="UTF-8"?>
<testsuite name="com.wearsic.app.RobolectricCoverageTest" tests="10" skipped="0" failures="0" errors="0" timestamp="2026-08-09T07:57:50" hostname="codespaces-3c9c6d" time="1.416">
  <properties/>
  <testcase name="bottomNavigationExposesAllDestinationsAndRoutesClicks" classname="com.wearsic.app.RobolectricCoverageTest" time="0.076"/>
  <testcase name="queueClearAndTrackActionsWorkInsideSafeBounds" classname="com.wearsic.app.RobolectricCoverageTest" time="0.152"/>
  <testcase name="searchTextEntryAndResultActionWorkInsideSafeBounds" classname="com.wearsic.app.RobolectricCoverageTest" time="0.391"/>
  <testcase name="favoritesPlaylistTabAndRemovalActionWorkInsideSafeBounds" classname="com.wearsic.app.RobolectricCoverageTest" time="0.125"/>
  <testcase name="bottomNavigationFitsInsideRoundWatchBezel" classname="com.wearsic.app.RobolectricCoverageTest" time="0.07"/>
  <testcase name="bottomNavigationFitsRoundWatchWidth" classname="com.wearsic.app.RobolectricCoverageTest" time="0.083"/>
  <testcase name="completeShellCanRenderWithRobolectricApplicationState" classname="com.wearsic.app.RobolectricCoverageTest" time="0.249"/>
  <testcase name="settingsTextEntryAndConnectionActionWorkInsideSafeBounds" classname="com.wearsic.app.RobolectricCoverageTest" time="0.143"/>
  <testcase name="nowPlayingInteractiveControlsStayInsideTheRoot" classname="com.wearsic.app.RobolectricCoverageTest" time="0.075"/>
  <testcase name="navigationManagerDoesNotCreateDuplicateHistoryEntries" classname="com.wearsic.app.RobolectricCoverageTest" time="0.049"/>
  <system-out><![CDATA[]]></system-out>
  <system-err><![CDATA[SLF4J: Failed to load class "org.slf4j.impl.StaticLoggerBinder".
SLF4J: Defaulting to no-operation (NOP) logger implementation
SLF4J: See http://www.slf4j.org/codes.html#StaticLoggerBinder for further details.
]]></system-err>
</testsuite>
