<?xml version="1.0" encoding="UTF-8"?>
<testsuite name="com.wearsic.app.ProgressFractionTest" tests="6" skipped="0" failures="0" errors="0" timestamp="2026-08-09T13:11:29" hostname="codespaces-3c9c6d" time="0.004">
  <properties/>
  <testcase name="fallsBackWhenDurationIsTimeUnsetCoercedToZero" classname="com.wearsic.app.ProgressFractionTest" time="0.001"/>
  <testcase name="zeroWhenPositionIsZero" classname="com.wearsic.app.ProgressFractionTest" time="0.0"/>
  <testcase name="clampsAboveOne" classname="com.wearsic.app.ProgressFractionTest" time="0.0"/>
  <testcase name="zeroWhenNoDurationKnownAtAll" classname="com.wearsic.app.ProgressFractionTest" time="0.0"/>
  <testcase name="fallsBackToTrackDurationWhenPlayerReportsNone" classname="com.wearsic.app.ProgressFractionTest" time="0.0"/>
  <testcase name="usesPlayerDurationWhenKnown" classname="com.wearsic.app.ProgressFractionTest" time="0.002"/>
  <system-out><![CDATA[]]></system-out>
  <system-err><![CDATA[]]></system-err>
</testsuite>
