<?xml version="1.0" encoding="UTF-8"?>
<testsuite name="com.wearsic.app.RobolectricCoverageTest" tests="9" skipped="0" failures="0" errors="0" timestamp="2026-08-09T13:11:29" hostname="codespaces-3c9c6d" time="1.646">
  <properties/>
  <testcase name="queueClearAndTrackActionsWorkInsideSafeBounds" classname="com.wearsic.app.RobolectricCoverageTest" time="0.13"/>
  <testcase name="settingsOfflineCacheSectionExposesSizeAndClearActions" classname="com.wearsic.app.RobolectricCoverageTest" time="0.419"/>
  <testcase name="searchTextEntryAndResultActionWorkInsideSafeBounds" classname="com.wearsic.app.RobolectricCoverageTest" time="0.339"/>
  <testcase name="favoritesPlaylistTabAndRemovalActionWorkInsideSafeBounds" classname="com.wearsic.app.RobolectricCoverageTest" time="0.122"/>
  <testcase name="completeShellCanRenderWithRobolectricApplicationState" classname="com.wearsic.app.RobolectricCoverageTest" time="0.242"/>
  <testcase name="nowPlayingMiniNavigationRoutesThroughScreens" classname="com.wearsic.app.RobolectricCoverageTest" time="0.148"/>
  <testcase name="settingsTextEntryAndConnectionActionWorkInsideSafeBounds" classname="com.wearsic.app.RobolectricCoverageTest" time="0.107"/>
  <testcase name="nowPlayingInteractiveControlsStayInsideTheRoot" classname="com.wearsic.app.RobolectricCoverageTest" time="0.093"/>
  <testcase name="navigationManagerDoesNotCreateDuplicateHistoryEntries" classname="com.wearsic.app.RobolectricCoverageTest" time="0.044"/>
  <system-out><![CDATA[]]></system-out>
  <system-err><![CDATA[SLF4J: Failed to load class "org.slf4j.impl.StaticLoggerBinder".
SLF4J: Defaulting to no-operation (NOP) logger implementation
SLF4J: See http://www.slf4j.org/codes.html#StaticLoggerBinder for further details.
]]></system-err>
</testsuite>
