<?xml version="1.0" encoding="UTF-8"?>
<testsuite name="com.wearsic.app.SerializationTest" tests="3" skipped="0" failures="0" errors="0" timestamp="2026-08-09T13:11:33" hostname="codespaces-3c9c6d" time="0.006">
  <properties/>
  <testcase name="healthResponseDeserializesFromServerShape" classname="com.wearsic.app.SerializationTest" time="0.001"/>
  <testcase name="playlistWithTracksDeserializesFromServerShape" classname="com.wearsic.app.SerializationTest" time="0.004"/>
  <testcase name="trackListRoundTrips" classname="com.wearsic.app.SerializationTest" time="0.001"/>
  <system-out><![CDATA[]]></system-out>
  <system-err><![CDATA[]]></system-err>
</testsuite>
