<?xml version="1.0" encoding="UTF-8"?>
<testsuite name="com.wearsic.app.QueueScreenTest" tests="7" skipped="0" failures="0" errors="0" timestamp="2026-08-09T13:11:29" hostname="codespaces-3c9c6d" time="0.789">
  <properties/>
  <testcase name="testQueueScreenDisplaysCurrentTrack" classname="com.wearsic.app.QueueScreenTest" time="0.174"/>
  <testcase name="testQueueScreenDisplaysEmptyState" classname="com.wearsic.app.QueueScreenTest" time="0.099"/>
  <testcase name="testQueueScreenDisplaysHeader" classname="com.wearsic.app.QueueScreenTest" time="0.07"/>
  <testcase name="testQueueScreenDisplaysTracks" classname="com.wearsic.app.QueueScreenTest" time="0.119"/>
  <testcase name="testClearQueueButtonExists" classname="com.wearsic.app.QueueScreenTest" time="0.118"/>
  <testcase name="testTrackClickable" classname="com.wearsic.app.QueueScreenTest" time="0.112"/>
  <testcase name="testRemoveFromQueueButtonExists" classname="com.wearsic.app.QueueScreenTest" time="0.097"/>
  <system-out><![CDATA[]]></system-out>
  <system-err><![CDATA[]]></system-err>
</testsuite>
