<?xml version="1.0" encoding="UTF-8"?>
<testsuite name="com.wearsic.app.SerializationTest" tests="3" skipped="0" failures="0" errors="0" timestamp="2026-08-09T07:57:53" hostname="codespaces-3c9c6d" time="0.004">
  <properties/>
  <testcase name="healthResponseDeserializesFromServerShape" classname="com.wearsic.app.SerializationTest" time="0.002"/>
  <testcase name="playlistWithTracksDeserializesFromServerShape" classname="com.wearsic.app.SerializationTest" time="0.002"/>
  <testcase name="trackListRoundTrips" classname="com.wearsic.app.SerializationTest" time="0.0"/>
  <system-out><![CDATA[]]></system-out>
  <system-err><![CDATA[]]></system-err>
</testsuite>
