<?xml version="1.0" encoding="UTF-8"?>
<testsuite name="com.wearsic.server.ServerTest" tests="5" skipped="0" failures="0" errors="0" timestamp="2026-08-09T08:09:53" hostname="codespaces-3c9c6d" time="0.93">
  <properties/>
  <testcase name="favoritesAndPlaylistsPersist()" classname="com.wearsic.server.ServerTest" time="0.773"/>
  <testcase name="shortSearchIsRejectedBeforeExtraction()" classname="com.wearsic.server.ServerTest" time="0.028"/>
  <testcase name="albumsSearchRejectsShortQueries()" classname="com.wearsic.server.ServerTest" time="0.031"/>
  <testcase name="youtubeCookieCanBeStoredAndCleared()" classname="com.wearsic.server.ServerTest" time="0.063"/>
  <testcase name="healthIsPublicAndReportsOk()" classname="com.wearsic.server.ServerTest" time="0.029"/>
  <system-out><![CDATA[08:09:54.257 [DefaultDispatcher-worker-1 @call-context#2] INFO ktor.test -- No ktor.deployment.watch patterns specified, automatic reload is not active.
08:09:54.423 [DefaultDispatcher-worker-1 @call-context#2] INFO ktor.test -- Application started in 0.177 seconds.
08:09:54.426 [DefaultDispatcher-worker-3 @coroutine#4] INFO ktor.test -- Responding at http://localhost:80
08:09:54.426 [DefaultDispatcher-worker-3 @coroutine#4] INFO ktor.test -- Responding at https://localhost:443
08:09:54.640 [DefaultDispatcher-worker-3 @call-context#24] INFO ktor.test -- No ktor.deployment.watch patterns specified, automatic reload is not active.
08:09:54.649 [DefaultDispatcher-worker-3 @call-context#24] INFO ktor.test -- Application started in 0.01 seconds.
08:09:54.650 [DefaultDispatcher-worker-6 @coroutine#26] INFO ktor.test -- Responding at http://localhost:80
08:09:54.650 [DefaultDispatcher-worker-6 @coroutine#26] INFO ktor.test -- Responding at https://localhost:443
08:09:54.670 [DefaultDispatcher-worker-3 @call-context#35] INFO ktor.test -- No ktor.deployment.watch patterns specified, automatic reload is not active.
08:09:54.684 [DefaultDispatcher-worker-3 @call-context#35] INFO ktor.test -- Application started in 0.015 seconds.
08:09:54.686 [DefaultDispatcher-worker-2 @coroutine#37] INFO ktor.test -- Responding at http://localhost:80
08:09:54.686 [DefaultDispatcher-worker-2 @coroutine#37] INFO ktor.test -- Responding at https://localhost:443
08:09:54.705 [DefaultDispatcher-worker-3 @call-context#46] INFO ktor.test -- No ktor.deployment.watch patterns specified, automatic reload is not active.
08:09:54.723 [DefaultDispatcher-worker-3 @call-context#46] INFO ktor.test -- Application started in 0.02 seconds.
08:09:54.727 [DefaultDispatcher-worker-4 @coroutine#48] INFO ktor.test -- Responding at http://localhost:80
08:09:54.727 [DefaultDispatcher-worker-4 @coroutine#48] INFO ktor.test -- Responding at https://localhost:443
08:09:54.769 [DefaultDispatcher-worker-5 @call-context#63] INFO ktor.test -- No ktor.deployment.watch patterns specified, automatic reload is not active.
08:09:54.781 [DefaultDispatcher-worker-5 @call-context#63] INFO ktor.test -- Application started in 0.013 seconds.
08:09:54.782 [DefaultDispatcher-worker-4 @coroutine#65] INFO ktor.test -- Responding at http://localhost:80
08:09:54.782 [DefaultDispatcher-worker-4 @coroutine#65] INFO ktor.test -- Responding at https://localhost:443
]]></system-out>
  <system-err><![CDATA[]]></system-err>
</testsuite>
