<?xml version="1.0" encoding="UTF-8"?>
<testsuite name="com.wearsic.server.MusicFilterTest" tests="3" skipped="0" failures="0" errors="0" timestamp="2026-08-09T08:09:53" hostname="codespaces-3c9c6d" time="0.006">
  <properties/>
  <testcase name="rejectsLiveStreams()" classname="com.wearsic.server.MusicFilterTest" time="0.003"/>
  <testcase name="keepsRegularSongs()" classname="com.wearsic.server.MusicFilterTest" time="0.001"/>
  <testcase name="rejectsShortsAndMicroClips()" classname="com.wearsic.server.MusicFilterTest" time="0.0"/>
  <system-out><![CDATA[]]></system-out>
  <system-err><![CDATA[SLF4J(I): Connected with provider of type [ch.qos.logback.classic.spi.LogbackServiceProvider]
]]></system-err>
</testsuite>
